<?xml version="1.0" encoding="UTF-8"?>
<!-- Generated by org.testng.reporters.JUnitReportReporter -->
<testsuite skipped="0" hostname="Tanyas-MacBook-Air.local" name="com.epam.testng.parameterizedtests.NegativeNumbersTest" tests="5" failures="0" timestamp="15 Dec 2017 19:25:14 GMT" time="0.010" errors="0">
  <testcase name="checkValueNegative" time="0.001" classname="com.epam.testng.parameterizedtests.NegativeNumbersTest"/>
  <testcase name="checkValueNegative" time="0.006" classname="com.epam.testng.parameterizedtests.NegativeNumbersTest"/>
  <testcase name="checkValueNegative" time="0.001" classname="com.epam.testng.parameterizedtests.NegativeNumbersTest"/>
  <testcase name="checkValueNegative" time="0.000" classname="com.epam.testng.parameterizedtests.NegativeNumbersTest"/>
  <testcase name="checkValueNegative" time="0.002" classname="com.epam.testng.parameterizedtests.NegativeNumbersTest"/>
</testsuite> <!-- com.epam.testng.parameterizedtests.NegativeNumbersTest -->
