<?xml version="1.0" encoding="UTF-8"?>
<!-- Generated by org.testng.reporters.JUnitReportReporter -->
<testsuite skipped="0" hostname="Tanyas-MacBook-Air.local" name="com.epam.testng.tests.SqrtTest" tests="1" failures="0" timestamp="12 Dec 2017 22:50:09 GMT" time="0.016" errors="0">
  <testcase name="testPositiveNumbers" time="0.016" classname="com.epam.testng.tests.SqrtTest"/>
</testsuite> <!-- com.epam.testng.tests.SqrtTest -->
