<?xml version="1.0" encoding="UTF-8"?>
<!-- Generated by org.testng.reporters.JUnitReportReporter -->
<testsuite skipped="0" hostname="Tanyas-MacBook-Air.local" name="com.epam.testng.parameterizedtests.PositiveNumbersTest" tests="5" failures="0" timestamp="15 Dec 2017 11:26:43 GMT" time="0.000" errors="0">
  <testcase name="checkValuePositive" time="0.000" classname="com.epam.testng.parameterizedtests.PositiveNumbersTest"/>
  <testcase name="checkValuePositive" time="0.000" classname="com.epam.testng.parameterizedtests.PositiveNumbersTest"/>
  <testcase name="checkValuePositive" time="0.000" classname="com.epam.testng.parameterizedtests.PositiveNumbersTest"/>
  <testcase name="checkValuePositive" time="0.000" classname="com.epam.testng.parameterizedtests.PositiveNumbersTest"/>
  <testcase name="checkValuePositive" time="0.000" classname="com.epam.testng.parameterizedtests.PositiveNumbersTest"/>
</testsuite> <!-- com.epam.testng.parameterizedtests.PositiveNumbersTest -->
