<?xml version="1.0" encoding="UTF-8"?>
<!-- Generated by org.testng.reporters.JUnitReportReporter -->
<testsuite skipped="0" hostname="Tanyas-MacBook-Air.local" name="com.epam.testng.basictests.BasicMultDoublesTest" tests="3" failures="0" timestamp="15 Dec 2017 11:25:13 GMT" time="0.003" errors="0">
  <testcase name="multNegativeLongs" time="0.001" classname="com.epam.testng.basictests.BasicMultDoublesTest"/>
  <testcase name="multNegativeaAndPositiveLongs" time="0.001" classname="com.epam.testng.basictests.BasicMultDoublesTest"/>
  <testcase name="multPositiveDoubles" time="0.001" classname="com.epam.testng.basictests.BasicMultDoublesTest"/>
</testsuite> <!-- com.epam.testng.basictests.BasicMultDoublesTest -->
