<?xml version="1.0" encoding="UTF-8"?>
<!-- Generated by org.testng.reporters.JUnitReportReporter -->
<testsuite skipped="0" hostname="Tanyas-MacBook-Air.local" name="com.epam.testng.basictests.BasicSubLongsTest" tests="3" failures="0" timestamp="15 Dec 2017 11:27:03 GMT" time="0.000" errors="0">
  <testcase name="subPositiveLongs" time="0.000" classname="com.epam.testng.basictests.BasicSubLongsTest"/>
  <testcase name="subPositiveAndNegativeLongs" time="0.000" classname="com.epam.testng.basictests.BasicSubLongsTest"/>
  <testcase name="subNegativeLongs" time="0.000" classname="com.epam.testng.basictests.BasicSubLongsTest"/>
</testsuite> <!-- com.epam.testng.basictests.BasicSubLongsTest -->
