<?xml version="1.0" encoding="UTF-8"?>
<!-- Generated by org.testng.reporters.JUnitReportReporter -->
<testsuite skipped="0" hostname="Tanyas-MacBook-Air.local" name="com.epam.testng.tests.MultLongsTest" tests="3" failures="0" timestamp="14 Dec 2017 05:58:17 GMT" time="0.003" errors="0">
  <testcase name="testLongMult" time="0.001" classname="com.epam.testng.tests.MultLongsTest"/>
  <testcase name="testLongMult" time="0.001" classname="com.epam.testng.tests.MultLongsTest"/>
  <testcase name="testLongMult" time="0.001" classname="com.epam.testng.tests.MultLongsTest"/>
</testsuite> <!-- com.epam.testng.tests.MultLongsTest -->
