<?xml version="1.0" encoding="UTF-8"?>
<!-- Generated by org.testng.reporters.JUnitReportReporter -->
<testsuite skipped="0" hostname="Tanyas-MacBook-Air.local" name="com.epam.testng.parameterizedtests.SubDoublesTest" tests="3" failures="0" timestamp="15 Dec 2017 19:24:29 GMT" time="0.007" errors="0">
  <testcase name="subPositiveLongs" time="0.001" classname="com.epam.testng.parameterizedtests.SubDoublesTest"/>
  <testcase name="subPositiveLongs" time="0.003" classname="com.epam.testng.parameterizedtests.SubDoublesTest"/>
  <testcase name="subPositiveLongs" time="0.003" classname="com.epam.testng.parameterizedtests.SubDoublesTest"/>
</testsuite> <!-- com.epam.testng.parameterizedtests.SubDoublesTest -->
