<?xml version="1.0" encoding="UTF-8"?>
<!-- Generated by org.testng.reporters.JUnitReportReporter -->
<testsuite skipped="0" hostname="Tanyas-MacBook-Air.local" name="com.epam.testng.parameterizedtests.DivLongsTest" tests="3" failures="0" timestamp="15 Dec 2017 11:26:33 GMT" time="0.000" errors="0">
  <testcase name="testLongDiv" time="0.000" classname="com.epam.testng.parameterizedtests.DivLongsTest"/>
  <testcase name="testLongDiv" time="0.000" classname="com.epam.testng.parameterizedtests.DivLongsTest"/>
  <testcase name="testLongDiv" time="0.000" classname="com.epam.testng.parameterizedtests.DivLongsTest"/>
</testsuite> <!-- com.epam.testng.parameterizedtests.DivLongsTest -->
