<?xml version="1.0" encoding="UTF-8"?>
<!-- Generated by org.testng.reporters.JUnitReportReporter -->
<testsuite skipped="0" hostname="Tanyas-MacBook-Air.local" name="com.epam.testng.parameterizedtests.SqrtTest" tests="3" failures="0" timestamp="15 Dec 2017 11:27:43 GMT" time="0.000" errors="0">
  <testcase name="testLongMult" time="0.000" classname="com.epam.testng.parameterizedtests.SqrtTest"/>
  <testcase name="testLongMult" time="0.000" classname="com.epam.testng.parameterizedtests.SqrtTest"/>
  <testcase name="testLongMult" time="0.000" classname="com.epam.testng.parameterizedtests.SqrtTest"/>
</testsuite> <!-- com.epam.testng.parameterizedtests.SqrtTest -->
