<?xml version="1.0" encoding="UTF-8"?>
<!-- Generated by org.testng.reporters.JUnitReportReporter -->
<testsuite skipped="0" hostname="Tanyas-MacBook-Air.local" name="com.epam.testng.basictests.BasicSinTest" tests="4" failures="0" timestamp="15 Dec 2017 11:27:13 GMT" time="0.001" errors="0">
  <testcase name="testZeroAngle" time="0.000" classname="com.epam.testng.basictests.BasicSinTest"/>
  <testcase name="testNegativeAngle" time="0.000" classname="com.epam.testng.basictests.BasicSinTest"/>
  <testcase name="testFullRotationAngle" time="0.000" classname="com.epam.testng.basictests.BasicSinTest"/>
  <testcase name="testAnotherAngle" time="0.001" classname="com.epam.testng.basictests.BasicSinTest"/>
</testsuite> <!-- com.epam.testng.basictests.BasicSinTest -->
