<?xml version="1.0" encoding="UTF-8"?>
<!-- Generated by org.testng.reporters.JUnitReportReporter -->
<testsuite skipped="0" hostname="Tanyas-MacBook-Air.local" name="com.epam.testng.basictests.BasicSumLongsTest" tests="3" failures="0" timestamp="15 Dec 2017 16:04:05 GMT" time="0.005" errors="0">
  <testcase name="sumNegativeLongs" time="0.002" classname="com.epam.testng.basictests.BasicSumLongsTest"/>
  <testcase name="sumPositiveLongs" time="0.001" classname="com.epam.testng.basictests.BasicSumLongsTest"/>
  <testcase name="sumPositiveAndNegativeLongs" time="0.002" classname="com.epam.testng.basictests.BasicSumLongsTest"/>
</testsuite> <!-- com.epam.testng.basictests.BasicSumLongsTest -->
