<?xml version="1.0" encoding="UTF-8"?>
<!-- Generated by org.testng.reporters.JUnitReportReporter -->
<testsuite skipped="0" hostname="Tanyas-MacBook-Air.local" name="com.epam.testng.tests.SinTest" tests="4" failures="0" timestamp="13 Dec 2017 09:27:52 GMT" time="0.018" errors="0">
  <testcase name="testFullRotationAngle" time="0.003" classname="com.epam.testng.tests.SinTest"/>
  <testcase name="testAnotherAngle" time="0.008" classname="com.epam.testng.tests.SinTest"/>
  <testcase name="testZeroAngle" time="0.005" classname="com.epam.testng.tests.SinTest"/>
  <testcase name="testNegativeAngle" time="0.002" classname="com.epam.testng.tests.SinTest"/>
</testsuite> <!-- com.epam.testng.tests.SinTest -->
