<?xml version="1.0" encoding="UTF-8"?>
<!-- Generated by org.testng.reporters.JUnitReportReporter -->
<testsuite skipped="0" hostname="Tanyas-MacBook-Air.local" name="com.epam.testng.parameterizedtests.MultLongsTest" tests="3" failures="0" timestamp="15 Dec 2017 16:09:01 GMT" time="0.003" errors="0">
  <testcase name="testLongMult" time="0.001" classname="com.epam.testng.parameterizedtests.MultLongsTest"/>
  <testcase name="testLongMult" time="0.001" classname="com.epam.testng.parameterizedtests.MultLongsTest"/>
  <testcase name="testLongMult" time="0.001" classname="com.epam.testng.parameterizedtests.MultLongsTest"/>
</testsuite> <!-- com.epam.testng.parameterizedtests.MultLongsTest -->
