<?xml version="1.0" encoding="UTF-8"?>
<!-- Generated by org.testng.reporters.JUnitReportReporter -->
<testsuite skipped="0" hostname="Tanyas-MacBook-Air.local" name="com.epam.testng.parameterizedtests.SubDoublesTest" tests="9" failures="0" timestamp="15 Dec 2017 11:26:48 GMT" time="0.001" errors="0">
  <testcase name="subPositiveAndNegativeLongs" time="0.000" classname="com.epam.testng.parameterizedtests.SubDoublesTest"/>
  <testcase name="suNegativeLongs" time="0.000" classname="com.epam.testng.parameterizedtests.SubDoublesTest"/>
  <testcase name="suNegativeLongs" time="0.000" classname="com.epam.testng.parameterizedtests.SubDoublesTest"/>
  <testcase name="subPositiveLongs" time="0.000" classname="com.epam.testng.parameterizedtests.SubDoublesTest"/>
  <testcase name="subPositiveAndNegativeLongs" time="0.000" classname="com.epam.testng.parameterizedtests.SubDoublesTest"/>
  <testcase name="suNegativeLongs" time="0.001" classname="com.epam.testng.parameterizedtests.SubDoublesTest"/>
  <testcase name="subPositiveLongs" time="0.000" classname="com.epam.testng.parameterizedtests.SubDoublesTest"/>
  <testcase name="subPositiveAndNegativeLongs" time="0.000" classname="com.epam.testng.parameterizedtests.SubDoublesTest"/>
  <testcase name="subPositiveLongs" time="0.000" classname="com.epam.testng.parameterizedtests.SubDoublesTest"/>
</testsuite> <!-- com.epam.testng.parameterizedtests.SubDoublesTest -->
