<?xml version="1.0" encoding="UTF-8"?>
<!-- Generated by org.testng.reporters.JUnitReportReporter -->
<testsuite skipped="0" hostname="Tanyas-MacBook-Air.local" name="com.epam.testng.basictests.BasicNegativeNumbersTest" tests="3" failures="0" timestamp="15 Dec 2017 11:25:18 GMT" time="0.000" errors="0">
  <testcase name="checkZero" time="0.000" classname="com.epam.testng.basictests.BasicNegativeNumbersTest"/>
  <testcase name="checkValueNegative" time="0.000" classname="com.epam.testng.basictests.BasicNegativeNumbersTest"/>
  <testcase name="checkValuePositive" time="0.000" classname="com.epam.testng.basictests.BasicNegativeNumbersTest"/>
</testsuite> <!-- com.epam.testng.basictests.BasicNegativeNumbersTest -->
