<?xml version="1.0" encoding="UTF-8"?>
<!-- Generated by org.testng.reporters.JUnitReportReporter -->
<testsuite skipped="0" hostname="Tanyas-MacBook-Air.local" name="com.epam.testng.basictests.BasicSqrtTest" tests="3" failures="1" timestamp="15 Dec 2017 11:25:43 GMT" time="0.001" errors="0">
  <testcase name="testZero" time="0.000" classname="com.epam.testng.basictests.BasicSqrtTest"/>
  <testcase name="testNegativeNumbers" time="0.000" classname="com.epam.testng.basictests.BasicSqrtTest">
    <failure type="java.lang.AssertionError" message="Invalid operation result expected [true] but found [false]">
      <![CDATA[java.lang.AssertionError: Invalid operation result expected [true] but found [false]at org.testng.Assert.fail(Assert.java:96)at org.testng.Assert.failNotEquals(Assert.java:776)at org.testng.Assert.assertTrue(Assert.java:44)at com.epam.testng.basictests.BasicSqrtTest.testNegativeNumbers(BasicSqrtTest.java:20)at sun.reflect.NativeMethodAccessorImpl.invoke0(Native Method)at sun.reflect.NativeMethodAccessorImpl.invoke(NativeMethodAccessorImpl.java:62)at sun.reflect.DelegatingMethodAccessorImpl.invoke(DelegatingMethodAccessorImpl.java:43)at java.lang.reflect.Method.invoke(Method.java:498)at org.testng.internal.MethodInvocationHelper.invokeMethod(MethodInvocationHelper.java:124)at org.testng.internal.Invoker.invokeMethod(Invoker.java:571)at org.testng.internal.Invoker.invokeTestMethod(Invoker.java:707)at org.testng.internal.Invoker.invokeTestMethods(Invoker.java:979)at org.testng.internal.TestMethodWorker.invokeTestMethods(TestMethodWorker.java:125)at org.testng.internal.TestMethodWorker.run(TestMethodWorker.java:109)at java.util.concurrent.ThreadPoolExecutor.runWorker(ThreadPoolExecutor.java:1149)at java.util.concurrent.ThreadPoolExecutor$Worker.run(ThreadPoolExecutor.java:624)at java.lang.Thread.run(Thread.java:748)]]>
    </failure>
  </testcase> <!-- testNegativeNumbers -->
  <testcase name="testPositiveNumbers" time="0.001" classname="com.epam.testng.basictests.BasicSqrtTest"/>
</testsuite> <!-- com.epam.testng.basictests.BasicSqrtTest -->
