<?xml version="1.0" encoding="UTF-8"?>
<!-- Generated by org.testng.reporters.JUnitReportReporter -->
<testsuite skipped="0" hostname="Tanyas-MacBook-Air.local" name="com.epam.testng.parameterizedtests.SumDoublesTest" tests="3" failures="0" timestamp="15 Dec 2017 19:24:19 GMT" time="0.016" errors="0">
  <testcase name="sumPositiveLongs" time="0.002" classname="com.epam.testng.parameterizedtests.SumDoublesTest"/>
  <testcase name="sumPositiveLongs" time="0.012" classname="com.epam.testng.parameterizedtests.SumDoublesTest"/>
  <testcase name="sumPositiveLongs" time="0.002" classname="com.epam.testng.parameterizedtests.SumDoublesTest"/>
</testsuite> <!-- com.epam.testng.parameterizedtests.SumDoublesTest -->
