<?xml version="1.0" encoding="UTF-8"?>
<!-- Generated by org.testng.reporters.JUnitReportReporter -->
<testsuite skipped="0" hostname="Tanyas-MacBook-Air.local" name="com.epam.testng.basictests.BasicSubDoublesTest" tests="3" failures="0" timestamp="15 Dec 2017 16:03:20 GMT" time="0.003" errors="0">
  <testcase name="subNegativeLongs" time="0.001" classname="com.epam.testng.basictests.BasicSubDoublesTest"/>
  <testcase name="subPositiveAndNegativeLongs" time="0.001" classname="com.epam.testng.basictests.BasicSubDoublesTest"/>
  <testcase name="subPositiveLongs" time="0.001" classname="com.epam.testng.basictests.BasicSubDoublesTest"/>
</testsuite> <!-- com.epam.testng.basictests.BasicSubDoublesTest -->
