<?xml version="1.0" encoding="UTF-8"?>
<!-- Generated by org.testng.reporters.JUnitReportReporter -->
<testsuite skipped="0" hostname="Tanyas-MacBook-Air.local" name="com.epam.testng.parameterizedtests.SinTest" tests="3" failures="0" timestamp="15 Dec 2017 16:08:46 GMT" time="0.006" errors="0">
  <testcase name="testAngles" time="0.004" classname="com.epam.testng.parameterizedtests.SinTest"/>
  <testcase name="testAngles" time="0.001" classname="com.epam.testng.parameterizedtests.SinTest"/>
  <testcase name="testAngles" time="0.001" classname="com.epam.testng.parameterizedtests.SinTest"/>
</testsuite> <!-- com.epam.testng.parameterizedtests.SinTest -->
