<?xml version="1.0" encoding="UTF-8"?>
<!-- Generated by org.testng.reporters.JUnitReportReporter -->
<testsuite skipped="0" hostname="Tanyas-MacBook-Air.local" name="com.epam.testng.tests.PositiveNumbersTest" tests="5" failures="0" timestamp="13 Dec 2017 11:02:23 GMT" time="0.029" errors="0">
  <testcase name="checkValuePositive" time="0.003" classname="com.epam.testng.tests.PositiveNumbersTest"/>
  <testcase name="checkValuePositive" time="0.003" classname="com.epam.testng.tests.PositiveNumbersTest"/>
  <testcase name="checkValuePositive" time="0.016" classname="com.epam.testng.tests.PositiveNumbersTest"/>
  <testcase name="checkValuePositive" time="0.006" classname="com.epam.testng.tests.PositiveNumbersTest"/>
  <testcase name="checkValuePositive" time="0.001" classname="com.epam.testng.tests.PositiveNumbersTest"/>
</testsuite> <!-- com.epam.testng.tests.PositiveNumbersTest -->
