<?xml version="1.0" encoding="UTF-8"?>
<!-- Generated by org.testng.reporters.JUnitReportReporter -->
<testsuite skipped="0" hostname="Tanyas-MacBook-Air.local" name="com.epam.testng.basictests.BasicPositiveNumbersTest" tests="3" failures="0" timestamp="15 Dec 2017 16:03:55 GMT" time="0.004" errors="0">
  <testcase name="checkValuePositive" time="0.002" classname="com.epam.testng.basictests.BasicPositiveNumbersTest"/>
  <testcase name="checkValueNegative" time="0.001" classname="com.epam.testng.basictests.BasicPositiveNumbersTest"/>
  <testcase name="checkZero" time="0.001" classname="com.epam.testng.basictests.BasicPositiveNumbersTest"/>
</testsuite> <!-- com.epam.testng.basictests.BasicPositiveNumbersTest -->
