<?xml version="1.0" encoding="UTF-8"?>
<!-- Generated by org.testng.reporters.JUnitReportReporter -->
<testsuite skipped="0" hostname="Tanyas-MacBook-Air.local" name="com.epam.testng.tests.NegativeNumbersTest" tests="5" failures="0" timestamp="13 Dec 2017 11:05:10 GMT" time="0.020" errors="0">
  <testcase name="checkValuePositive" time="0.001" classname="com.epam.testng.tests.NegativeNumbersTest"/>
  <testcase name="checkValuePositive" time="0.003" classname="com.epam.testng.tests.NegativeNumbersTest"/>
  <testcase name="checkValuePositive" time="0.011" classname="com.epam.testng.tests.NegativeNumbersTest"/>
  <testcase name="checkValuePositive" time="0.003" classname="com.epam.testng.tests.NegativeNumbersTest"/>
  <testcase name="checkValuePositive" time="0.002" classname="com.epam.testng.tests.NegativeNumbersTest"/>
</testsuite> <!-- com.epam.testng.tests.NegativeNumbersTest -->
