<?xml version="1.0" encoding="UTF-8"?>
<!-- Generated by org.testng.reporters.JUnitReportReporter -->
<testsuite skipped="0" hostname="Tanyas-MacBook-Air.local" name="com.epam.testng.basictests.BasicSinTest" tests="1" failures="0" timestamp="15 Dec 2017 19:25:04 GMT" time="0.002" errors="0">
  <testcase name="testFullRotationAngle" time="0.002" classname="com.epam.testng.basictests.BasicSinTest"/>
</testsuite> <!-- com.epam.testng.basictests.BasicSinTest -->
