<?xml version="1.0" encoding="UTF-8"?>
<!-- Generated by org.testng.reporters.JUnitReportReporter -->
<testsuite skipped="0" hostname="Tanyas-MacBook-Air.local" name="com.epam.testng.basictests.BasicSqrtTest" tests="1" failures="0" timestamp="15 Dec 2017 19:24:34 GMT" time="0.001" errors="0">
  <testcase name="testZero" time="0.001" classname="com.epam.testng.basictests.BasicSqrtTest"/>
</testsuite> <!-- com.epam.testng.basictests.BasicSqrtTest -->
