<?xml version="1.0" encoding="UTF-8"?>
<!-- Generated by org.testng.reporters.JUnitReportReporter -->
<testsuite skipped="0" hostname="Tanyas-MacBook-Air.local" name="com.epam.testng.parameterizedtests.DivDoublesTest" tests="3" failures="0" timestamp="15 Dec 2017 11:27:33 GMT" time="0.001" errors="0">
  <testcase name="testLongDiv" time="0.000" classname="com.epam.testng.parameterizedtests.DivDoublesTest"/>
  <testcase name="testLongDiv" time="0.001" classname="com.epam.testng.parameterizedtests.DivDoublesTest"/>
  <testcase name="testLongDiv" time="0.000" classname="com.epam.testng.parameterizedtests.DivDoublesTest"/>
</testsuite> <!-- com.epam.testng.parameterizedtests.DivDoublesTest -->
