<?xml version="1.0" encoding="UTF-8"?>
<!-- Generated by org.testng.reporters.JUnitReportReporter -->
<testsuite skipped="0" hostname="Tanyas-MacBook-Air.local" name="com.epam.testng.tests.SubDoublesTest" tests="9" failures="0" timestamp="14 Dec 2017 05:58:27 GMT" time="0.002" errors="0">
  <testcase name="suNegativeLongs" time="0.000" classname="com.epam.testng.tests.SubDoublesTest"/>
  <testcase name="subPositiveLongs" time="0.001" classname="com.epam.testng.tests.SubDoublesTest"/>
  <testcase name="suNegativeLongs" time="0.001" classname="com.epam.testng.tests.SubDoublesTest"/>
  <testcase name="subPositiveLongs" time="0.000" classname="com.epam.testng.tests.SubDoublesTest"/>
  <testcase name="subPositiveAndNegativeLongs" time="0.000" classname="com.epam.testng.tests.SubDoublesTest"/>
  <testcase name="subPositiveAndNegativeLongs" time="0.000" classname="com.epam.testng.tests.SubDoublesTest"/>
  <testcase name="subPositiveLongs" time="0.000" classname="com.epam.testng.tests.SubDoublesTest"/>
  <testcase name="suNegativeLongs" time="0.000" classname="com.epam.testng.tests.SubDoublesTest"/>
  <testcase name="subPositiveAndNegativeLongs" time="0.000" classname="com.epam.testng.tests.SubDoublesTest"/>
</testsuite> <!-- com.epam.testng.tests.SubDoublesTest -->
