<?xml version="1.0" encoding="UTF-8"?>
<!-- Generated by org.testng.reporters.JUnitReportReporter -->
<testsuite skipped="0" hostname="Tanyas-MacBook-Air.local" name="com.epam.testng.basictests.BasicPowTest" tests="1" failures="0" timestamp="15 Dec 2017 19:25:29 GMT" time="0.003" errors="0">
  <testcase name="testPowNegativeTwo" time="0.003" classname="com.epam.testng.basictests.BasicPowTest"/>
</testsuite> <!-- com.epam.testng.basictests.BasicPowTest -->
