<?xml version="1.0" encoding="UTF-8"?>
<!-- Generated by org.testng.reporters.JUnitReportReporter -->
<testsuite skipped="0" hostname="Tanyas-MacBook-Air.local" name="com.epam.testng.basictests.BasicDivLongsTest" tests="1" failures="0" timestamp="15 Dec 2017 19:25:34 GMT" time="0.002" errors="0">
  <testcase name="divideNegativeValues" time="0.002" classname="com.epam.testng.basictests.BasicDivLongsTest"/>
</testsuite> <!-- com.epam.testng.basictests.BasicDivLongsTest -->
