<?xml version="1.0" encoding="UTF-8"?>
<!-- Generated by org.testng.reporters.JUnitReportReporter -->
<testsuite skipped="0" hostname="Tanyas-MacBook-Air.local" name="com.epam.testng.basictests.BasicDivDoublesTest" tests="4" failures="0" timestamp="15 Dec 2017 11:25:23 GMT" time="0.001" errors="0">
  <testcase name="divideNegativeValues" time="0.001" classname="com.epam.testng.basictests.BasicDivDoublesTest"/>
  <testcase name="divideByZero" time="0.000" classname="com.epam.testng.basictests.BasicDivDoublesTest"/>
  <testcase name="divideNegativeAndPositiveValues" time="0.000" classname="com.epam.testng.basictests.BasicDivDoublesTest"/>
  <testcase name="dividePositiveValues" time="0.000" classname="com.epam.testng.basictests.BasicDivDoublesTest"/>
</testsuite> <!-- com.epam.testng.basictests.BasicDivDoublesTest -->
