<?xml version="1.0" encoding="UTF-8"?>
<!-- Generated by org.testng.reporters.JUnitReportReporter -->
<testsuite skipped="0" hostname="Tanyas-MacBook-Air.local" name="com.epam.testng.basictests.BasicMultDoublesTest" tests="1" failures="0" timestamp="15 Dec 2017 19:25:19 GMT" time="0.004" errors="0">
  <testcase name="multNegativeLongs" time="0.004" classname="com.epam.testng.basictests.BasicMultDoublesTest"/>
</testsuite> <!-- com.epam.testng.basictests.BasicMultDoublesTest -->
